<?xml version="1.0" encoding="UTF-8"?>
<!-- Generated by org.testng.reporters.JUnitReportReporter -->
<testsuite hostname="Arjavkumar" failures="0" tests="2" name="day35_Annotations_DependencyMethods_Assert.AllAnnotations" time="0.011" errors="0" timestamp="2024-02-19T13:01:25 EST" skipped="0">
  <testcase classname="day35_Annotations_DependencyMethods_Assert.AllAnnotations" name="tm1" time="0.009"/>
  <testcase classname="day35_Annotations_DependencyMethods_Assert.AllAnnotations" name="tm2" time="0.002"/>
</testsuite> <!-- day35_Annotations_DependencyMethods_Assert.AllAnnotations -->
