<?xml version="1.0" encoding="UTF-8"?>
<!-- Generated by org.testng.reporters.JUnitReportReporter -->
<testsuite hostname="CANTRN565456L" failures="0" tests="1" name="day35_Annotations_DependencyMethods_Assert.HardAssertions" time="0.007" errors="0" timestamp="2024-01-14T15:37:44 EST" skipped="0">
  <testcase classname="day35_Annotations_DependencyMethods_Assert.HardAssertions" name="test" time="0.007"/>
  <system-out/>
</testsuite> <!-- day35_Annotations_DependencyMethods_Assert.HardAssertions -->
