<?xml version="1.0" encoding="UTF-8"?>
<!-- Generated by org.testng.reporters.JUnitReportReporter -->
<testsuite hostname="CANTRN565456L" failures="0" tests="3" name="day34_IntroTestNG_Annotation.FirstTest" time="0.009" errors="0" timestamp="2024-01-14T12:51:23 EST" skipped="0">
  <testcase classname="day34_IntroTestNG_Annotation.FirstTest" name="openapp" time="0.007"/>
  <system-out/>
  <testcase classname="day34_IntroTestNG_Annotation.FirstTest" name="login" time="0.001"/>
  <system-out/>
  <testcase classname="day34_IntroTestNG_Annotation.FirstTest" name="logout" time="0.001"/>
  <system-out/>
</testsuite> <!-- day34_IntroTestNG_Annotation.FirstTest -->
