<?xml version="1.0" encoding="UTF-8"?>
<!-- Generated by org.testng.reporters.JUnitReportReporter -->
<testsuite hostname="CANTRN565456L" failures="0" tests="2" name="day35_Annotations_DependencyMethods_Assert.AnnotationsDemo2" time="0.008" errors="0" timestamp="2024-01-14T14:47:53 EST" skipped="0">
  <testcase classname="day35_Annotations_DependencyMethods_Assert.AnnotationsDemo2" name="search" time="0.007"/>
  <system-out/>
  <testcase classname="day35_Annotations_DependencyMethods_Assert.AnnotationsDemo2" name="advacedsearch" time="0.001"/>
  <system-out/>
</testsuite> <!-- day35_Annotations_DependencyMethods_Assert.AnnotationsDemo2 -->
