<?xml version="1.0" encoding="UTF-8"?>
<!-- Generated by org.testng.reporters.JUnitReportReporter -->
<testsuite hostname="CANTRN565456L" failures="0" tests="3" name="day36_DataProviders_Grouping.Grouping" time="0.009" errors="0" timestamp="2024-01-15T11:41:45 EST" skipped="0">
  <testcase classname="day36_DataProviders_Grouping.Grouping" name="signupbyfacebook" time="0.007"/>
  <system-out/>
  <testcase classname="day36_DataProviders_Grouping.Grouping" name="signupbytwitter" time="0.001"/>
  <system-out/>
  <testcase classname="day36_DataProviders_Grouping.Grouping" name="paymentReturnbyBank" time="0.001"/>
  <system-out/>
</testsuite> <!-- day36_DataProviders_Grouping.Grouping -->
