<?xml version="1.0" encoding="UTF-8"?>
<!-- Generated by org.testng.reporters.JUnitReportReporter -->
<testsuite hostname="Arjavkumar" failures="0" tests="2" name="day35_Annotations_DependencyMethods_Assert.HardVsSoftAssertions" time="0.017" errors="0" timestamp="2024-02-19T13:02:39 EST" skipped="0">
  <testcase classname="day35_Annotations_DependencyMethods_Assert.HardVsSoftAssertions" name="test_hardassertions" time="0.011"/>
  <testcase classname="day35_Annotations_DependencyMethods_Assert.HardVsSoftAssertions" name="test_softassertions" time="0.006"/>
</testsuite> <!-- day35_Annotations_DependencyMethods_Assert.HardVsSoftAssertions -->
