<?xml version="1.0" encoding="UTF-8"?>
<!-- Generated by org.testng.reporters.JUnitReportReporter -->
<testsuite hostname="CANTRN565456L" failures="0" tests="2" name="day35_Annotations_DependencyMethods_Assert.AnnotationsDemo1" time="0.012" errors="0" timestamp="2024-01-14T14:45:12 EST" skipped="0">
  <testcase classname="day35_Annotations_DependencyMethods_Assert.AnnotationsDemo1" name="search" time="0.010"/>
  <system-out/>
  <testcase classname="day35_Annotations_DependencyMethods_Assert.AnnotationsDemo1" name="advacedsearch" time="0.002"/>
  <system-out/>
</testsuite> <!-- day35_Annotations_DependencyMethods_Assert.AnnotationsDemo1 -->
