<?xml version="1.0" encoding="UTF-8"?>
<!-- Generated by org.testng.reporters.JUnitReportReporter -->
<testsuite hostname="CANTRN565456L" failures="0" tests="10" name="day37_ParallelTesting_InvocationCount.InvocationCountDemo" time="0.021" errors="0" timestamp="2024-01-15T12:26:36 EST" skipped="0">
  <testcase classname="day37_ParallelTesting_InvocationCount.InvocationCountDemo" name="test" time="0.011"/>
  <system-out/>
  <testcase classname="day37_ParallelTesting_InvocationCount.InvocationCountDemo" name="test" time="0.001"/>
  <system-out/>
  <testcase classname="day37_ParallelTesting_InvocationCount.InvocationCountDemo" name="test" time="0.001"/>
  <system-out/>
  <testcase classname="day37_ParallelTesting_InvocationCount.InvocationCountDemo" name="test" time="0.001"/>
  <system-out/>
  <testcase classname="day37_ParallelTesting_InvocationCount.InvocationCountDemo" name="test" time="0.002"/>
  <system-out/>
  <testcase classname="day37_ParallelTesting_InvocationCount.InvocationCountDemo" name="test" time="0.002"/>
  <system-out/>
  <testcase classname="day37_ParallelTesting_InvocationCount.InvocationCountDemo" name="test" time="0.001"/>
  <system-out/>
  <testcase classname="day37_ParallelTesting_InvocationCount.InvocationCountDemo" name="test" time="0.001"/>
  <system-out/>
  <testcase classname="day37_ParallelTesting_InvocationCount.InvocationCountDemo" name="test" time="0.001"/>
  <system-out/>
  <testcase classname="day37_ParallelTesting_InvocationCount.InvocationCountDemo" name="test" time="0.000"/>
  <system-out/>
</testsuite> <!-- day37_ParallelTesting_InvocationCount.InvocationCountDemo -->
