<?xml version="1.0" encoding="UTF-8"?>
<!-- Generated by org.testng.reporters.JUnitReportReporter -->
<testsuite hostname="CANTRN565456L" failures="0" tests="3" name="day34_IntroTestNG_Annotation.ThirdTestCase" time="0.003" errors="0" timestamp="2024-01-14T14:26:08 EST" skipped="0">
  <testcase classname="day34_IntroTestNG_Annotation.ThirdTestCase" name="test1" time="0.000"/>
  <system-out/>
  <testcase classname="day34_IntroTestNG_Annotation.ThirdTestCase" name="test2" time="0.002"/>
  <system-out/>
  <testcase classname="day34_IntroTestNG_Annotation.ThirdTestCase" name="test3" time="0.001"/>
  <system-out/>
</testsuite> <!-- day34_IntroTestNG_Annotation.ThirdTestCase -->
