<?xml version="1.0" encoding="UTF-8"?>
<!-- Generated by org.testng.reporters.JUnitReportReporter -->
<testsuite hostname="CANTRN565456L" failures="0" tests="4" name="day37_ParallelTesting_InvocationCount.ParamTest" time="0.129" errors="0" timestamp="2024-01-15T14:53:37 EST" skipped="0">
  <testcase classname="day37_ParallelTesting_InvocationCount.ParamTest" name="testLogo" time="0.043"/>
  <system-out/>
  <testcase classname="day37_ParallelTesting_InvocationCount.ParamTest" name="testLogo" time="0.068"/>
  <system-out/>
  <testcase classname="day37_ParallelTesting_InvocationCount.ParamTest" name="testHomePageTitle" time="0.006"/>
  <system-out/>
  <testcase classname="day37_ParallelTesting_InvocationCount.ParamTest" name="testHomePageTitle" time="0.012"/>
  <system-out/>
</testsuite> <!-- day37_ParallelTesting_InvocationCount.ParamTest -->
