<?xml version="1.0" encoding="UTF-8"?>
<!-- Generated by org.testng.reporters.JUnitReportReporter -->
<testsuite hostname="CANTRN565456L" failures="0" tests="3" name="day34_IntroTestNG_Annotation.SecondTest" time="7.378" errors="0" timestamp="2024-01-14T13:03:20 EST" skipped="0">
  <testcase classname="day34_IntroTestNG_Annotation.SecondTest" name="openApp" time="6.395"/>
  <system-out/>
  <testcase classname="day34_IntroTestNG_Annotation.SecondTest" name="login" time="0.528"/>
  <system-out/>
  <testcase classname="day34_IntroTestNG_Annotation.SecondTest" name="closeApp" time="0.455"/>
  <system-out/>
</testsuite> <!-- day34_IntroTestNG_Annotation.SecondTest -->
