<?xml version="1.0" encoding="UTF-8"?>
<!-- Generated by org.testng.reporters.JUnitReportReporter -->
<testsuite hostname="CANTRN565456L" failures="0" tests="2" name="day35_Annotations_DependencyMethods_Assert.AllAnnotations" time="0.007" errors="0" timestamp="2024-01-14T15:05:00 EST" skipped="0">
  <testcase classname="day35_Annotations_DependencyMethods_Assert.AllAnnotations" name="tm1" time="0.005"/>
  <system-out/>
  <testcase classname="day35_Annotations_DependencyMethods_Assert.AllAnnotations" name="tm2" time="0.002"/>
  <system-out/>
</testsuite> <!-- day35_Annotations_DependencyMethods_Assert.AllAnnotations -->
