<?xml version="1.0" encoding="UTF-8"?>
<!-- Generated by org.testng.reporters.JUnitReportReporter -->
<testsuite hostname="CANTRN565456L" failures="0" tests="2" name="day35_Annotations_DependencyMethods_Assert.pack1.Class1" time="0.008" errors="0" timestamp="2024-01-14T15:02:14 EST" skipped="0">
  <testcase classname="day35_Annotations_DependencyMethods_Assert.pack1.Class1" name="abc" time="0.005"/>
  <system-out/>
  <testcase classname="day35_Annotations_DependencyMethods_Assert.pack1.Class1" name="abc" time="0.003"/>
  <system-out/>
</testsuite> <!-- day35_Annotations_DependencyMethods_Assert.pack1.Class1 -->
