<?xml version="1.0" encoding="UTF-8"?>
<!-- Generated by org.testng.reporters.JUnitReportReporter -->
<testsuite hostname="CANTRN565456L" failures="0" tests="2" name="day39_PageObjectModel.LoginTest" time="1.422" errors="0" timestamp="2024-01-15T16:09:31 EST" skipped="0">
  <testcase classname="day39_PageObjectModel.LoginTest" name="testLogo" time="0.087"/>
  <system-out/>
  <testcase classname="day39_PageObjectModel.LoginTest" name="testLogin" time="1.335"/>
  <system-out/>
</testsuite> <!-- day39_PageObjectModel.LoginTest -->
